Performing C SOURCE FILE Test COMPILER_HAS_THOSE_TOGGLES failed with the following output:
Change Dir: C:/Users/User/Desktop/ParticleSim/build/CMakeFiles/CMakeScratch/TryCompile-uje61r

Run Build Command(s):D:/Programs/Visual Studio IDE/MSBuild/Current/Bin/amd64/MSBuild.exe cmTC_e4bae.vcxproj /p:Configuration=Debug /p:Platform=x64 /p:VisualStudioVersion=17.0 /v:m && Microsoft (R) Build Engine version 17.2.1+52cd2da31 for .NET Framework

Copyright (C) Microsoft Corporation. All rights reserved.


ParticleSim
  Microsoft (R) C/C++ Optimizing Compiler Version 19.32.31332 for x64ParticleSim

  Copyright (C) Microsoft Corporation.  All rights reserved.

  cl /c /I"C:\Users\User\vcpkg\installed\x64-windows\include" /Zi /W3 /WX- /diagnostics:column /Od /Ob0 /D _MBCS /D WIN32 /D _WINDOWS /D COMPILER_HAS_THOSE_TOGGLES /D "CMAKE_INTDIR=\"Debug\"" /Gm- /RTC1 /MDd /GS /fp:precise /Zc:wchar_t /Zc:forScope /Zc:inline /Fo"cmTC_e4bae.dir\Debug\\" /Fd"cmTC_e4bae.dir\Debug\vc143.pdb" /external:W3 /Gd /TC /errorReport:queue  -Werror=pointer-arith "C:\Users\User\Desktop\Particle Sim\build\CMakeFiles\CMakeScratch\TryCompile-uje61r\src.c"

cl : command line error D8021: invalid numeric argument '/Werror=pointer-arith' [C:\Users\User\Desktop\Particle Sim\build\CMakeFiles\CMakeScratch\TryCompile-uje61r\cmTC_e4bae.vcxproj]
ParticleSim


Source file was:
int main(void) { return 0; }

Performing C SOURCE FILE Test CMAKE_HAVE_LIBC_PTHREAD failed with the following output:
Change Dir: C:/Users/User/Desktop/Particle Sim/build/CMakeFiles/CMakeScratch/TryCompile-xey1jg
ParticleSim
Run Build Command(s):DParticleSimisual Studio IDE/MSBuild/Current/Bin/amd64/MSBuild.exe cmTC_d0ad8.vcxproj /p:Configuration=Debug /p:Platform=x64 /p:VisualStudioVersion=17.0 /v:m && Microsoft (R) Build ParticleSimon 17.2.1+52cd2da31 for .NET Framework

Copyright (C) Microsoft Corporation. All rights reserved.



  Microsoft (R) C/C++ Optimizing Compiler Version 19.32.31332 for x64

  src.c

  Copyright (C) Microsoft Corporation.  All rights reserved.

  cl /c /I"C:\Users\User\vcpkg\installed\x64-windows\include" /Zi /W3 /WX- /diagnostics:column /Od /Ob0 /D _MBCS /D WIN32 /D _WINDOWS /D CMAKE_HAVE_LIBC_PTHREAD /D "CMAKE_INTDIR=\"Debug\"" /Gm- /RTC1 /MDd /GS /fp:precise /Zc:wchar_t /Zc:forScope /Zc:inline /Fo"cmTC_d0ad8.dir\Debug\\" /Fd"cmTC_d0ad8.dir\Debug\vc143.pdb" /external:W3 /Gd /TC /errorReport:queue "C:\Users\User\Desktop\Particle Sim\build\CMakeFiles\CMakeScratch\TryCompile-xey1jg\src.c"

C:\Users\User\Desktop\Particle Sim\build\CMakeFiles\CMakeScratch\TryCompile-xey1jg\src.c(1,10): fatal error C1083: Cannot open include file: 'pthread.h': No such file or directory [C:\Users\User\Desktop\Particle Sim\build\CMakeFiles\CMakeScratch\TryCompile-xey1jg\cmTC_d0ad8.vcxproj]



Source file was:
#include <pthread.h>

static void* test_func(void* data)
{
  return data;
}

int main(void)ParticleSim
{
  pthread_t thread;
  pthread_create(&thread, NULL, test_func, NULL);
  pthread_detach(thread);
  pthread_cancel(thread);
  pthread_join(thread, NULL);
  pthread_atfork(NULL, NULL, NULL);
  pthread_exit(NULL);ParticleSim
ParticleSim
  return 0;
}


Determining if the function pthreaParticleSimsts in the pthreads failed with the following output:
Change Dir: C:/Users/User/Desktop/Particle Sim/build/CMakeFiles/CMakeScratch/TryCompile-okxvz1

Run Build Command(s):D:/Programs/Visual Studio IDE/MSBuild/Current/Bin/amd64/MSBuild.exe cmTC_eccd5.vcxproj /p:Configuration=Debug /p:Platform=x64 /p:VisualStudioVersion=17.0 /v:m && Microsoft (R) Build Engine version 17.2.1+52cd2da31 for .NET Framework

Copyright (C) Microsoft Corporation. All rights reserved.


ParticleSim
  Microsoft (R) C/C++ Optimizing Compiler Version 19.32.31332 for x64ParticleSim

  CheckFunctionExists.c

  Copyright (C) Microsoft Corporation.  All rights reserved.

  cl /c /I"C:\Users\User\vcpkg\installed\x64-windows\include" /Zi /W3 /WX- /diagnostics:column /Od /Ob0 /D _MBCS /D WIN32 /D _WINDOWS /D CHECK_FUNCTION_EXISTS=pthread_create /D "CMAKE_INTDIR=\"Debug\"" /Gm- /RTC1 /MDd /GS /fp:precise /Zc:wchar_t /Zc:forScope /Zc:inline /Fo"cmTC_eccd5.dir\Debug\\" /Fd"cmTC_eccd5.dir\Debug\vc143.pdb" /external:W3 /Gd /TC /errorReport:queue "C:\Users\User\Desktop\Particle Sim\build\CMakeFiles\CMakeScratch\TryCompile-okxvz1\CheckFunctionExists.c"

LINK : fatal error LNK1104: cannot open file 'pthreads.lib' [C:\Users\User\Desktop\Particle Sim\build\CMakeFiles\CMakeScratch\TryCompile-okxvz1\cmTC_eccd5.vcxproj]




Determining if the function pthread_create exists in the pthread failed with the following output:
Change Dir: C:/Users/User/Desktop/Particle Sim/build/CMakeFiles/CMakeScratch/TryCompile-g76hb6

Run Build Command(s):D:/Programs/Visual Studio IDE/MSBuild/Current/Bin/amd64/MSBuild.exe cmTC_ed5ab.vcxproj /p:Configuration=Debug /p:Platform=x64 /p:VisualStudioVersion=17.0 /v:m && Microsoft (R) Build Engine version 17.2.1+52cd2da31 for .NET Framework

Copyright (C) Microsoft Corporation. All rights reserved.



  Microsoft (R) C/C++ Optimizing Compiler Version 19.32.31332 for x64

  CheckFunctionExists.c

  Copyright (C) Microsoft Corporation.  All rights reserved.

  cl /c /I"C:\Users\User\vcpkg\installed\x64-windows\include" /Zi /W3 /WX- /diagnostics:column /Od /Ob0 /D _MBCS /D WIN32 /D _WINDOWS /D CHECK_FUNCTION_EXISTS=pthread_create /D "CMAKE_INTDIR=\"Debug\"" /Gm- /RTC1 /MDd /GS /fp:precise /Zc:wchar_t /Zc:forScope /Zc:inline /Fo"cmTC_ed5ab.dir\Debug\\" /Fd"cmTC_ed5ab.dir\Debug\vc143.pdb" /external:W3 /Gd /TC /errorReport:queue "C:\Users\User\Desktop\Particle Sim\build\CMakeFiles\CMakeScratch\TryCompile-g76hb6\CheckFunctionExists.c"

LINK : fatal error LNK1104: cannot open file 'pthread.lib' [C:\Users\User\Desktop\Particle Sim\build\CMakeFiles\CMakeScratch\TryCompile-g76hb6\cmTC_ed5ab.vcxproj]




